<?xml version="1.0" encoding="UTF-8"?>
<robot generator="Robot 7.1.1 (Python 3.12.7 on darwin)" generated="2026-03-20T20:21:47.488530" rpa="false" schemaversion="5">
<suite id="s1" name="Wikipedia Test" source="/Users/weibin/Desktop/ab assignment/test_cases/wikipedia_test">
<suite id="s1-s1" name="Wikipedia Test" source="/Users/weibin/Desktop/ab assignment/test_cases/wikipedia_test/wikipedia_test.robot">
<test id="s1-s1-t1" name="WT-001 Launch Wikipedia And Show Home Screen" line="10">
<kw name="Launch Wikipedia And Verify Home" owner="wikipedia_test_resource">
<kw name="Configure Wikipedia Test Environment" owner="wikipedia_test_resource">
<kw name="Set Environment Variable" owner="OperatingSystem">
<msg time="2026-03-20T20:21:47.593005" level="INFO">Environment variable 'APPIUM_SERVER_URL' set to value 'http://127.0.0.1:4723'.</msg>
<arg>APPIUM_SERVER_URL</arg>
<arg>${REMOTE_URL}</arg>
<doc>Sets an environment variable to a specified value.</doc>
<status status="PASS" start="2026-03-20T20:21:47.592935" elapsed="0.000097"/>
</kw>
<kw name="Set Environment Variable" owner="OperatingSystem">
<msg time="2026-03-20T20:21:47.593130" level="INFO">Environment variable 'WIKIPEDIA_PLATFORM_NAME' set to value 'Android'.</msg>
<arg>WIKIPEDIA_PLATFORM_NAME</arg>
<arg>${PLATFORM_NAME}</arg>
<doc>Sets an environment variable to a specified value.</doc>
<status status="PASS" start="2026-03-20T20:21:47.593085" elapsed="0.000062"/>
</kw>
<kw name="Set Environment Variable" owner="OperatingSystem">
<msg time="2026-03-20T20:21:47.593226" level="INFO">Environment variable 'WIKIPEDIA_DEVICE_NAME' set to value 'emulator-5554'.</msg>
<arg>WIKIPEDIA_DEVICE_NAME</arg>
<arg>${DEVICE_NAME}</arg>
<doc>Sets an environment variable to a specified value.</doc>
<status status="PASS" start="2026-03-20T20:21:47.593187" elapsed="0.000053"/>
</kw>
<kw name="Set Environment Variable" owner="OperatingSystem">
<msg time="2026-03-20T20:21:47.593309" level="INFO">Environment variable 'WIKIPEDIA_APP_PACKAGE' set to value 'org.wikipedia'.</msg>
<arg>WIKIPEDIA_APP_PACKAGE</arg>
<arg>${APP_PACKAGE}</arg>
<doc>Sets an environment variable to a specified value.</doc>
<status status="PASS" start="2026-03-20T20:21:47.593274" elapsed="0.000047"/>
</kw>
<kw name="Set Environment Variable" owner="OperatingSystem">
<msg time="2026-03-20T20:21:47.593389" level="INFO">Environment variable 'WIKIPEDIA_APP_ACTIVITY' set to value '.DefaultIcon'.</msg>
<arg>WIKIPEDIA_APP_ACTIVITY</arg>
<arg>${APP_ACTIVITY}</arg>
<doc>Sets an environment variable to a specified value.</doc>
<status status="PASS" start="2026-03-20T20:21:47.593352" elapsed="0.000049"/>
</kw>
<kw name="Set Environment Variable" owner="OperatingSystem">
<msg time="2026-03-20T20:21:47.593470" level="INFO">Environment variable 'WIKIPEDIA_APP' set to value '/Users/weibin/Desktop/ab assignment/org.wikipedia_50572.apk'.</msg>
<arg>WIKIPEDIA_APP</arg>
<arg>${APP_PATH}</arg>
<doc>Sets an environment variable to a specified value.</doc>
<status status="PASS" start="2026-03-20T20:21:47.593433" elapsed="0.000050"/>
</kw>
<status status="PASS" start="2026-03-20T20:21:47.592714" elapsed="0.000789"/>
</kw>
<kw name="Home Screen Is Visible" owner="HomeScreen">
<msg time="2026-03-20T20:21:47.594113" level="INFO">Creating Appium session at http://127.0.0.1:4723</msg>
<msg time="2026-03-20T20:21:54.559955" level="INFO">Screenshot before dismiss_first_run_experience_if_present saved to /Users/weibin/Desktop/ab assignment/screenshots/2026-03-20_20-21-53_dismiss_first_run_experience_if_present_before_execution.png</msg>
<msg time="2026-03-20T20:21:55.241072" level="INFO">Screenshot after dismiss_first_run_experience_if_present saved to /Users/weibin/Desktop/ab assignment/screenshots/2026-03-20_20-21-53_dismiss_first_run_experience_if_present_after_execution.png</msg>
<msg time="2026-03-20T20:21:56.310779" level="INFO">Screenshot after home_screen_is_visible saved to /Users/weibin/Desktop/ab assignment/screenshots/2026-03-20_20-21-47_home_screen_is_visible_after_execution.png</msg>
<status status="PASS" start="2026-03-20T20:21:47.593534" elapsed="8.717691"/>
</kw>
<status status="PASS" start="2026-03-20T20:21:47.592509" elapsed="8.719449"/>
</kw>
<doc>Launch the Wikipedia app and verify that the landing screen becomes visible.</doc>
<tag>smoke</tag>
<tag>wikipedia</tag>
<status status="PASS" start="2026-03-20T20:21:47.592097" elapsed="8.721178"/>
</test>
<test id="s1-s1-t2" name="WT-002 Search Valid Query And Open Article" line="14">
<kw name="Launch Wikipedia And Verify Home" owner="wikipedia_test_resource">
<kw name="Configure Wikipedia Test Environment" owner="wikipedia_test_resource">
<kw name="Set Environment Variable" owner="OperatingSystem">
<msg time="2026-03-20T20:21:56.317534" level="INFO">Environment variable 'APPIUM_SERVER_URL' set to value 'http://127.0.0.1:4723'.</msg>
<arg>APPIUM_SERVER_URL</arg>
<arg>${REMOTE_URL}</arg>
<doc>Sets an environment variable to a specified value.</doc>
<status status="PASS" start="2026-03-20T20:21:56.316788" elapsed="0.000814"/>
</kw>
<kw name="Set Environment Variable" owner="OperatingSystem">
<msg time="2026-03-20T20:21:56.317871" level="INFO">Environment variable 'WIKIPEDIA_PLATFORM_NAME' set to value 'Android'.</msg>
<arg>WIKIPEDIA_PLATFORM_NAME</arg>
<arg>${PLATFORM_NAME}</arg>
<doc>Sets an environment variable to a specified value.</doc>
<status status="PASS" start="2026-03-20T20:21:56.317748" elapsed="0.000168"/>
</kw>
<kw name="Set Environment Variable" owner="OperatingSystem">
<msg time="2026-03-20T20:21:56.318151" level="INFO">Environment variable 'WIKIPEDIA_DEVICE_NAME' set to value 'emulator-5554'.</msg>
<arg>WIKIPEDIA_DEVICE_NAME</arg>
<arg>${DEVICE_NAME}</arg>
<doc>Sets an environment variable to a specified value.</doc>
<status status="PASS" start="2026-03-20T20:21:56.318033" elapsed="0.000188"/>
</kw>
<kw name="Set Environment Variable" owner="OperatingSystem">
<msg time="2026-03-20T20:21:56.318620" level="INFO">Environment variable 'WIKIPEDIA_APP_PACKAGE' set to value 'org.wikipedia'.</msg>
<arg>WIKIPEDIA_APP_PACKAGE</arg>
<arg>${APP_PACKAGE}</arg>
<doc>Sets an environment variable to a specified value.</doc>
<status status="PASS" start="2026-03-20T20:21:56.318439" elapsed="0.000234"/>
</kw>
<kw name="Set Environment Variable" owner="OperatingSystem">
<msg time="2026-03-20T20:21:56.318907" level="INFO">Environment variable 'WIKIPEDIA_APP_ACTIVITY' set to value '.DefaultIcon'.</msg>
<arg>WIKIPEDIA_APP_ACTIVITY</arg>
<arg>${APP_ACTIVITY}</arg>
<doc>Sets an environment variable to a specified value.</doc>
<status status="PASS" start="2026-03-20T20:21:56.318789" elapsed="0.000162"/>
</kw>
<kw name="Set Environment Variable" owner="OperatingSystem">
<msg time="2026-03-20T20:21:56.319184" level="INFO">Environment variable 'WIKIPEDIA_APP' set to value '/Users/weibin/Desktop/ab assignment/org.wikipedia_50572.apk'.</msg>
<arg>WIKIPEDIA_APP</arg>
<arg>${APP_PATH}</arg>
<doc>Sets an environment variable to a specified value.</doc>
<status status="PASS" start="2026-03-20T20:21:56.319052" elapsed="0.000179"/>
</kw>
<status status="PASS" start="2026-03-20T20:21:56.316528" elapsed="0.002794"/>
</kw>
<kw name="Home Screen Is Visible" owner="HomeScreen">
<msg time="2026-03-20T20:21:56.499283" level="INFO">Screenshot before dismiss_first_run_experience_if_present saved to /Users/weibin/Desktop/ab assignment/screenshots/2026-03-20_20-21-56_dismiss_first_run_experience_if_present_before_execution.png</msg>
<msg time="2026-03-20T20:21:56.731542" level="INFO">Screenshot after dismiss_first_run_experience_if_present saved to /Users/weibin/Desktop/ab assignment/screenshots/2026-03-20_20-21-56_dismiss_first_run_experience_if_present_after_execution.png</msg>
<msg time="2026-03-20T20:21:57.046533" level="INFO">Screenshot after home_screen_is_visible saved to /Users/weibin/Desktop/ab assignment/screenshots/2026-03-20_20-21-56_home_screen_is_visible_after_execution.png</msg>
<status status="PASS" start="2026-03-20T20:21:56.319455" elapsed="0.727238"/>
</kw>
<status status="PASS" start="2026-03-20T20:21:56.316060" elapsed="0.730743"/>
</kw>
<kw name="Search Valid Query And Open First Result" owner="wikipedia_test_resource">
<kw name="Home Screen Is Visible" owner="HomeScreen">
<msg time="2026-03-20T20:21:57.257177" level="INFO">Screenshot before home_screen_is_visible saved to /Users/weibin/Desktop/ab assignment/screenshots/2026-03-20_20-21-57_home_screen_is_visible_before_execution.png</msg>
<msg time="2026-03-20T20:21:57.464924" level="INFO">Screenshot before dismiss_first_run_experience_if_present saved to /Users/weibin/Desktop/ab assignment/screenshots/2026-03-20_20-21-57_dismiss_first_run_experience_if_present_before_execution.png</msg>
<msg time="2026-03-20T20:21:57.691155" level="INFO">Screenshot after dismiss_first_run_experience_if_present saved to /Users/weibin/Desktop/ab assignment/screenshots/2026-03-20_20-21-57_dismiss_first_run_experience_if_present_after_execution.png</msg>
<msg time="2026-03-20T20:21:57.968583" level="INFO">Screenshot after home_screen_is_visible saved to /Users/weibin/Desktop/ab assignment/screenshots/2026-03-20_20-21-57_home_screen_is_visible_after_execution.png</msg>
<status status="PASS" start="2026-03-20T20:21:57.047498" elapsed="0.921722"/>
</kw>
<kw name="Open Search" owner="SearchScreen">
<msg time="2026-03-20T20:22:20.594802" level="INFO">Screenshot after open_search saved to /Users/weibin/Desktop/ab assignment/screenshots/2026-03-20_20-21-57_open_search_after_execution.png</msg>
<msg time="2026-03-20T20:22:20.596385" level="FAIL">TimeoutException: Message: 
Stacktrace:
NoSuchElementError: An element could not be located on the page using the given search parameters.
    at AndroidUiautomator2Driver.findElOrEls (/Users/weibin/.appium/node_modules/appium-uiautomator2-driver/node_modules/appium-android-driver/lib/commands/find.ts:86:11)
    at processTicksAndRejections (node:internal/process/task_queues:105:5)
    at AndroidUiautomator2Driver.findElOrElsWithProcessing (/opt/homebrew/lib/node_modules/appium/node_modules/@appium/base-driver/lib/basedriver/commands/find.ts:60:12)
    at AndroidUiautomator2Driver.findElement (/opt/homebrew/lib/node_modules/appium/node_modules/@appium/base-driver/lib/basedriver/commands/find.ts:75:12)</msg>
<status status="FAIL" start="2026-03-20T20:21:57.969467" elapsed="22.632829">TimeoutException: Message: 
Stacktrace:
NoSuchElementError: An element could not be located on the page using the given search parameters.
    at AndroidUiautomator2Driver.findElOrEls (/Users/weibin/.appium/node_modules/appium-uiautomator2-driver/node_modules/appium-android-driver/lib/commands/find.ts:86:11)
    at processTicksAndRejections (node:internal/process/task_queues:105:5)
    at AndroidUiautomator2Driver.findElOrElsWithProcessing (/opt/homebrew/lib/node_modules/appium/node_modules/@appium/base-driver/lib/basedriver/commands/find.ts:60:12)
    at AndroidUiautomator2Driver.findElement (/opt/homebrew/lib/node_modules/appium/node_modules/@appium/base-driver/lib/basedriver/commands/find.ts:75:12)</status>
</kw>
<kw name="Search For Query" owner="SearchScreen">
<arg>${VALID_QUERY}</arg>
<status status="NOT RUN" start="2026-03-20T20:22:20.603183" elapsed="0.000059"/>
</kw>
<kw name="Search Results Are Visible" owner="SearchScreen">
<status status="NOT RUN" start="2026-03-20T20:22:20.603352" elapsed="0.000021"/>
</kw>
<kw name="Open First Search Result" owner="SearchScreen">
<status status="NOT RUN" start="2026-03-20T20:22:20.603460" elapsed="0.000018"/>
</kw>
<status status="FAIL" start="2026-03-20T20:21:57.047104" elapsed="23.556677">TimeoutException: Message: 
Stacktrace:
NoSuchElementError: An element could not be located on the page using the given search parameters.
    at AndroidUiautomator2Driver.findElOrEls (/Users/weibin/.appium/node_modules/appium-uiautomator2-driver/node_modules/appium-android-driver/lib/commands/find.ts:86:11)
    at processTicksAndRejections (node:internal/process/task_queues:105:5)
    at AndroidUiautomator2Driver.findElOrElsWithProcessing (/opt/homebrew/lib/node_modules/appium/node_modules/@appium/base-driver/lib/basedriver/commands/find.ts:60:12)
    at AndroidUiautomator2Driver.findElement (/opt/homebrew/lib/node_modules/appium/node_modules/@appium/base-driver/lib/basedriver/commands/find.ts:75:12)</status>
</kw>
<kw name="Article Screen Is Visible" owner="ArticleScreen">
<status status="NOT RUN" start="2026-03-20T20:22:20.604175" elapsed="0.000026"/>
</kw>
<doc>Positive scenario: search for a valid topic and open the first result.</doc>
<tag>functional</tag>
<tag>positive</tag>
<tag>smoke</tag>
<tag>wikipedia</tag>
<status status="FAIL" start="2026-03-20T20:21:56.314662" elapsed="24.290009">TimeoutException: Message: 
Stacktrace:
NoSuchElementError: An element could not be located on the page using the given search parameters.
    at AndroidUiautomator2Driver.findElOrEls (/Users/weibin/.appium/node_modules/appium-uiautomator2-driver/node_modules/appium-android-driver/lib/commands/find.ts:86:11)
    at processTicksAndRejections (node:internal/process/task_queues:105:5)
    at AndroidUiautomator2Driver.findElOrElsWithProcessing (/opt/homebrew/lib/node_modules/appium/node_modules/@appium/base-driver/lib/basedriver/commands/find.ts:60:12)
    at AndroidUiautomator2Driver.findElement (/opt/homebrew/lib/node_modules/appium/node_modules/@appium/base-driver/lib/basedriver/commands/find.ts:75:12)</status>
</test>
<test id="s1-s1-t3" name="WT-003 Verify Article Content Is Loaded" line="21">
<kw name="Launch Wikipedia And Verify Home" owner="wikipedia_test_resource">
<kw name="Configure Wikipedia Test Environment" owner="wikipedia_test_resource">
<kw name="Set Environment Variable" owner="OperatingSystem">
<msg time="2026-03-20T20:22:20.606976" level="INFO">Environment variable 'APPIUM_SERVER_URL' set to value 'http://127.0.0.1:4723'.</msg>
<arg>APPIUM_SERVER_URL</arg>
<arg>${REMOTE_URL}</arg>
<doc>Sets an environment variable to a specified value.</doc>
<status status="PASS" start="2026-03-20T20:22:20.606681" elapsed="0.000397"/>
</kw>
<kw name="Set Environment Variable" owner="OperatingSystem">
<msg time="2026-03-20T20:22:20.607348" level="INFO">Environment variable 'WIKIPEDIA_PLATFORM_NAME' set to value 'Android'.</msg>
<arg>WIKIPEDIA_PLATFORM_NAME</arg>
<arg>${PLATFORM_NAME}</arg>
<doc>Sets an environment variable to a specified value.</doc>
<status status="PASS" start="2026-03-20T20:22:20.607209" elapsed="0.000192"/>
</kw>
<kw name="Set Environment Variable" owner="OperatingSystem">
<msg time="2026-03-20T20:22:20.607652" level="INFO">Environment variable 'WIKIPEDIA_DEVICE_NAME' set to value 'emulator-5554'.</msg>
<arg>WIKIPEDIA_DEVICE_NAME</arg>
<arg>${DEVICE_NAME}</arg>
<doc>Sets an environment variable to a specified value.</doc>
<status status="PASS" start="2026-03-20T20:22:20.607523" elapsed="0.000178"/>
</kw>
<kw name="Set Environment Variable" owner="OperatingSystem">
<msg time="2026-03-20T20:22:20.607945" level="INFO">Environment variable 'WIKIPEDIA_APP_PACKAGE' set to value 'org.wikipedia'.</msg>
<arg>WIKIPEDIA_APP_PACKAGE</arg>
<arg>${APP_PACKAGE}</arg>
<doc>Sets an environment variable to a specified value.</doc>
<status status="PASS" start="2026-03-20T20:22:20.607819" elapsed="0.000174"/>
</kw>
<kw name="Set Environment Variable" owner="OperatingSystem">
<msg time="2026-03-20T20:22:20.608230" level="INFO">Environment variable 'WIKIPEDIA_APP_ACTIVITY' set to value '.DefaultIcon'.</msg>
<arg>WIKIPEDIA_APP_ACTIVITY</arg>
<arg>${APP_ACTIVITY}</arg>
<doc>Sets an environment variable to a specified value.</doc>
<status status="PASS" start="2026-03-20T20:22:20.608107" elapsed="0.000170"/>
</kw>
<kw name="Set Environment Variable" owner="OperatingSystem">
<msg time="2026-03-20T20:22:20.608523" level="INFO">Environment variable 'WIKIPEDIA_APP' set to value '/Users/weibin/Desktop/ab assignment/org.wikipedia_50572.apk'.</msg>
<arg>WIKIPEDIA_APP</arg>
<arg>${APP_PATH}</arg>
<doc>Sets an environment variable to a specified value.</doc>
<status status="PASS" start="2026-03-20T20:22:20.608390" elapsed="0.000181"/>
</kw>
<status status="PASS" start="2026-03-20T20:22:20.606405" elapsed="0.002238"/>
</kw>
<kw name="Home Screen Is Visible" owner="HomeScreen">
<msg time="2026-03-20T20:22:20.802263" level="INFO">Screenshot before dismiss_first_run_experience_if_present saved to /Users/weibin/Desktop/ab assignment/screenshots/2026-03-20_20-22-20_dismiss_first_run_experience_if_present_before_execution.png</msg>
<msg time="2026-03-20T20:22:20.980018" level="INFO">Screenshot after dismiss_first_run_experience_if_present saved to /Users/weibin/Desktop/ab assignment/screenshots/2026-03-20_20-22-20_dismiss_first_run_experience_if_present_after_execution.png</msg>
<msg time="2026-03-20T20:22:22.300153" level="INFO">Screenshot after home_screen_is_visible saved to /Users/weibin/Desktop/ab assignment/screenshots/2026-03-20_20-22-20_home_screen_is_visible_after_execution.png</msg>
<status status="PASS" start="2026-03-20T20:22:20.608749" elapsed="1.691598"/>
</kw>
<status status="PASS" start="2026-03-20T20:22:20.605943" elapsed="1.694562"/>
</kw>
<kw name="Search Valid Query And Open First Result" owner="wikipedia_test_resource">
<kw name="Home Screen Is Visible" owner="HomeScreen">
<msg time="2026-03-20T20:22:22.458765" level="INFO">Screenshot before home_screen_is_visible saved to /Users/weibin/Desktop/ab assignment/screenshots/2026-03-20_20-22-22_home_screen_is_visible_before_execution.png</msg>
<msg time="2026-03-20T20:22:22.614083" level="INFO">Screenshot before dismiss_first_run_experience_if_present saved to /Users/weibin/Desktop/ab assignment/screenshots/2026-03-20_20-22-22_dismiss_first_run_experience_if_present_before_execution.png</msg>
<msg time="2026-03-20T20:22:22.788269" level="INFO">Screenshot after dismiss_first_run_experience_if_present saved to /Users/weibin/Desktop/ab assignment/screenshots/2026-03-20_20-22-22_dismiss_first_run_experience_if_present_after_execution.png</msg>
<msg time="2026-03-20T20:22:22.977828" level="INFO">Screenshot after home_screen_is_visible saved to /Users/weibin/Desktop/ab assignment/screenshots/2026-03-20_20-22-22_home_screen_is_visible_after_execution.png</msg>
<status status="PASS" start="2026-03-20T20:22:22.301404" elapsed="0.676567"/>
</kw>
<kw name="Open Search" owner="SearchScreen">
<msg time="2026-03-20T20:22:23.794698" level="INFO">Screenshot after open_search saved to /Users/weibin/Desktop/ab assignment/screenshots/2026-03-20_20-22-22_open_search_after_execution.png</msg>
<status status="PASS" start="2026-03-20T20:22:22.978182" elapsed="0.816689"/>
</kw>
<kw name="Search For Query" owner="SearchScreen">
<msg time="2026-03-20T20:22:23.954317" level="INFO">Screenshot before search_for_query saved to /Users/weibin/Desktop/ab assignment/screenshots/2026-03-20_20-22-23_search_for_query_before_execution.png</msg>
<msg time="2026-03-20T20:22:25.384159" level="INFO">Screenshot after search_for_query saved to /Users/weibin/Desktop/ab assignment/screenshots/2026-03-20_20-22-23_search_for_query_after_execution.png</msg>
<arg>${VALID_QUERY}</arg>
<status status="PASS" start="2026-03-20T20:22:23.795119" elapsed="1.589238"/>
</kw>
<kw name="Search Results Are Visible" owner="SearchScreen">
<msg time="2026-03-20T20:22:45.913160" level="FAIL">TimeoutException: Message: 
Stacktrace:
NoSuchElementError: An element could not be located on the page using the given search parameters.
    at AndroidUiautomator2Driver.findElOrEls (/Users/weibin/.appium/node_modules/appium-uiautomator2-driver/node_modules/appium-android-driver/lib/commands/find.ts:86:11)
    at processTicksAndRejections (node:internal/process/task_queues:105:5)
    at AndroidUiautomator2Driver.findElOrElsWithProcessing (/opt/homebrew/lib/node_modules/appium/node_modules/@appium/base-driver/lib/basedriver/commands/find.ts:60:12)
    at AndroidUiautomator2Driver.findElement (/opt/homebrew/lib/node_modules/appium/node_modules/@appium/base-driver/lib/basedriver/commands/find.ts:75:12)</msg>
<status status="FAIL" start="2026-03-20T20:22:25.384681" elapsed="20.530905">TimeoutException: Message: 
Stacktrace:
NoSuchElementError: An element could not be located on the page using the given search parameters.
    at AndroidUiautomator2Driver.findElOrEls (/Users/weibin/.appium/node_modules/appium-uiautomator2-driver/node_modules/appium-android-driver/lib/commands/find.ts:86:11)
    at processTicksAndRejections (node:internal/process/task_queues:105:5)
    at AndroidUiautomator2Driver.findElOrElsWithProcessing (/opt/homebrew/lib/node_modules/appium/node_modules/@appium/base-driver/lib/basedriver/commands/find.ts:60:12)
    at AndroidUiautomator2Driver.findElement (/opt/homebrew/lib/node_modules/appium/node_modules/@appium/base-driver/lib/basedriver/commands/find.ts:75:12)</status>
</kw>
<kw name="Open First Search Result" owner="SearchScreen">
<status status="NOT RUN" start="2026-03-20T20:22:45.917132" elapsed="0.000109"/>
</kw>
<status status="FAIL" start="2026-03-20T20:22:22.301089" elapsed="23.616660">TimeoutException: Message: 
Stacktrace:
NoSuchElementError: An element could not be located on the page using the given search parameters.
    at AndroidUiautomator2Driver.findElOrEls (/Users/weibin/.appium/node_modules/appium-uiautomator2-driver/node_modules/appium-android-driver/lib/commands/find.ts:86:11)
    at processTicksAndRejections (node:internal/process/task_queues:105:5)
    at AndroidUiautomator2Driver.findElOrElsWithProcessing (/opt/homebrew/lib/node_modules/appium/node_modules/@appium/base-driver/lib/basedriver/commands/find.ts:60:12)
    at AndroidUiautomator2Driver.findElement (/opt/homebrew/lib/node_modules/appium/node_modules/@appium/base-driver/lib/basedriver/commands/find.ts:75:12)</status>
</kw>
<kw name="Verify Opened Article Details" owner="wikipedia_test_resource">
<status status="NOT RUN" start="2026-03-20T20:22:45.918806" elapsed="0.000072"/>
</kw>
<doc>Positive scenario: validate article title/content visibility and basic scroll behavior.</doc>
<tag>functional</tag>
<tag>positive</tag>
<tag>smoke</tag>
<tag>wikipedia</tag>
<status status="FAIL" start="2026-03-20T20:22:20.605167" elapsed="25.314520">TimeoutException: Message: 
Stacktrace:
NoSuchElementError: An element could not be located on the page using the given search parameters.
    at AndroidUiautomator2Driver.findElOrEls (/Users/weibin/.appium/node_modules/appium-uiautomator2-driver/node_modules/appium-android-driver/lib/commands/find.ts:86:11)
    at processTicksAndRejections (node:internal/process/task_queues:105:5)
    at AndroidUiautomator2Driver.findElOrElsWithProcessing (/opt/homebrew/lib/node_modules/appium/node_modules/@appium/base-driver/lib/basedriver/commands/find.ts:60:12)
    at AndroidUiautomator2Driver.findElement (/opt/homebrew/lib/node_modules/appium/node_modules/@appium/base-driver/lib/basedriver/commands/find.ts:75:12)</status>
</test>
<test id="s1-s1-t4" name="WT-004 Search Invalid Query Shows No Results" line="28">
<kw name="Launch Wikipedia And Verify Home" owner="wikipedia_test_resource">
<kw name="Configure Wikipedia Test Environment" owner="wikipedia_test_resource">
<kw name="Set Environment Variable" owner="OperatingSystem">
<msg time="2026-03-20T20:22:45.923075" level="INFO">Environment variable 'APPIUM_SERVER_URL' set to value 'http://127.0.0.1:4723'.</msg>
<arg>APPIUM_SERVER_URL</arg>
<arg>${REMOTE_URL}</arg>
<doc>Sets an environment variable to a specified value.</doc>
<status status="PASS" start="2026-03-20T20:22:45.922509" elapsed="0.000714"/>
</kw>
<kw name="Set Environment Variable" owner="OperatingSystem">
<msg time="2026-03-20T20:22:45.923583" level="INFO">Environment variable 'WIKIPEDIA_PLATFORM_NAME' set to value 'Android'.</msg>
<arg>WIKIPEDIA_PLATFORM_NAME</arg>
<arg>${PLATFORM_NAME}</arg>
<doc>Sets an environment variable to a specified value.</doc>
<status status="PASS" start="2026-03-20T20:22:45.923398" elapsed="0.000253"/>
</kw>
<kw name="Set Environment Variable" owner="OperatingSystem">
<msg time="2026-03-20T20:22:45.924001" level="INFO">Environment variable 'WIKIPEDIA_DEVICE_NAME' set to value 'emulator-5554'.</msg>
<arg>WIKIPEDIA_DEVICE_NAME</arg>
<arg>${DEVICE_NAME}</arg>
<doc>Sets an environment variable to a specified value.</doc>
<status status="PASS" start="2026-03-20T20:22:45.923821" elapsed="0.000244"/>
</kw>
<kw name="Set Environment Variable" owner="OperatingSystem">
<msg time="2026-03-20T20:22:45.924397" level="INFO">Environment variable 'WIKIPEDIA_APP_PACKAGE' set to value 'org.wikipedia'.</msg>
<arg>WIKIPEDIA_APP_PACKAGE</arg>
<arg>${APP_PACKAGE}</arg>
<doc>Sets an environment variable to a specified value.</doc>
<status status="PASS" start="2026-03-20T20:22:45.924232" elapsed="0.000229"/>
</kw>
<kw name="Set Environment Variable" owner="OperatingSystem">
<msg time="2026-03-20T20:22:45.925311" level="INFO">Environment variable 'WIKIPEDIA_APP_ACTIVITY' set to value '.DefaultIcon'.</msg>
<arg>WIKIPEDIA_APP_ACTIVITY</arg>
<arg>${APP_ACTIVITY}</arg>
<doc>Sets an environment variable to a specified value.</doc>
<status status="PASS" start="2026-03-20T20:22:45.925121" elapsed="0.000261"/>
</kw>
<kw name="Set Environment Variable" owner="OperatingSystem">
<msg time="2026-03-20T20:22:45.925753" level="INFO">Environment variable 'WIKIPEDIA_APP' set to value '/Users/weibin/Desktop/ab assignment/org.wikipedia_50572.apk'.</msg>
<arg>WIKIPEDIA_APP</arg>
<arg>${APP_PATH}</arg>
<doc>Sets an environment variable to a specified value.</doc>
<status status="PASS" start="2026-03-20T20:22:45.925574" elapsed="0.000248"/>
</kw>
<status status="PASS" start="2026-03-20T20:22:45.922106" elapsed="0.003830"/>
</kw>
<kw name="Home Screen Is Visible" owner="HomeScreen">
<msg time="2026-03-20T20:22:46.201965" level="INFO">Screenshot before dismiss_first_run_experience_if_present saved to /Users/weibin/Desktop/ab assignment/screenshots/2026-03-20_20-22-45_dismiss_first_run_experience_if_present_before_execution.png</msg>
<msg time="2026-03-20T20:22:46.442745" level="INFO">Screenshot after dismiss_first_run_experience_if_present saved to /Users/weibin/Desktop/ab assignment/screenshots/2026-03-20_20-22-45_dismiss_first_run_experience_if_present_after_execution.png</msg>
<msg time="2026-03-20T20:22:46.712703" level="INFO">Screenshot after home_screen_is_visible saved to /Users/weibin/Desktop/ab assignment/screenshots/2026-03-20_20-22-45_home_screen_is_visible_after_execution.png</msg>
<status status="PASS" start="2026-03-20T20:22:45.926079" elapsed="0.786778"/>
</kw>
<status status="PASS" start="2026-03-20T20:22:45.921530" elapsed="0.791454"/>
</kw>
<kw name="Search Invalid Query Should Show No Results" owner="wikipedia_test_resource">
<kw name="Home Screen Is Visible" owner="HomeScreen">
<msg time="2026-03-20T20:22:46.911017" level="INFO">Screenshot before home_screen_is_visible saved to /Users/weibin/Desktop/ab assignment/screenshots/2026-03-20_20-22-46_home_screen_is_visible_before_execution.png</msg>
<msg time="2026-03-20T20:22:47.110315" level="INFO">Screenshot before dismiss_first_run_experience_if_present saved to /Users/weibin/Desktop/ab assignment/screenshots/2026-03-20_20-22-46_dismiss_first_run_experience_if_present_before_execution.png</msg>
<msg time="2026-03-20T20:22:47.334313" level="INFO">Screenshot after dismiss_first_run_experience_if_present saved to /Users/weibin/Desktop/ab assignment/screenshots/2026-03-20_20-22-46_dismiss_first_run_experience_if_present_after_execution.png</msg>
<msg time="2026-03-20T20:22:47.578663" level="INFO">Screenshot after home_screen_is_visible saved to /Users/weibin/Desktop/ab assignment/screenshots/2026-03-20_20-22-46_home_screen_is_visible_after_execution.png</msg>
<status status="PASS" start="2026-03-20T20:22:46.713621" elapsed="0.865180"/>
</kw>
<kw name="Open Search" owner="SearchScreen">
<msg time="2026-03-20T20:22:48.057987" level="INFO">Screenshot after open_search saved to /Users/weibin/Desktop/ab assignment/screenshots/2026-03-20_20-22-47_open_search_after_execution.png</msg>
<status status="PASS" start="2026-03-20T20:22:47.579000" elapsed="0.479134"/>
</kw>
<kw name="Search For Query" owner="SearchScreen">
<msg time="2026-03-20T20:22:48.349566" level="INFO">Screenshot before search_for_query saved to /Users/weibin/Desktop/ab assignment/screenshots/2026-03-20_20-22-48_search_for_query_before_execution.png</msg>
<msg time="2026-03-20T20:23:09.149903" level="INFO">Screenshot after search_for_query saved to /Users/weibin/Desktop/ab assignment/screenshots/2026-03-20_20-22-48_search_for_query_after_execution.png</msg>
<msg time="2026-03-20T20:23:09.150629" level="FAIL">TimeoutException: Message: 
Stacktrace:
NoSuchElementError: An element could not be located on the page using the given search parameters.
    at AndroidUiautomator2Driver.findElOrEls (/Users/weibin/.appium/node_modules/appium-uiautomator2-driver/node_modules/appium-android-driver/lib/commands/find.ts:86:11)
    at processTicksAndRejections (node:internal/process/task_queues:105:5)
    at AndroidUiautomator2Driver.findElOrElsWithProcessing (/opt/homebrew/lib/node_modules/appium/node_modules/@appium/base-driver/lib/basedriver/commands/find.ts:60:12)
    at AndroidUiautomator2Driver.findElement (/opt/homebrew/lib/node_modules/appium/node_modules/@appium/base-driver/lib/basedriver/commands/find.ts:75:12)</msg>
<arg>${INVALID_QUERY}</arg>
<status status="FAIL" start="2026-03-20T20:22:48.058360" elapsed="21.092841">TimeoutException: Message: 
Stacktrace:
NoSuchElementError: An element could not be located on the page using the given search parameters.
    at AndroidUiautomator2Driver.findElOrEls (/Users/weibin/.appium/node_modules/appium-uiautomator2-driver/node_modules/appium-android-driver/lib/commands/find.ts:86:11)
    at processTicksAndRejections (node:internal/process/task_queues:105:5)
    at AndroidUiautomator2Driver.findElOrElsWithProcessing (/opt/homebrew/lib/node_modules/appium/node_modules/@appium/base-driver/lib/basedriver/commands/find.ts:60:12)
    at AndroidUiautomator2Driver.findElement (/opt/homebrew/lib/node_modules/appium/node_modules/@appium/base-driver/lib/basedriver/commands/find.ts:75:12)</status>
</kw>
<kw name="No Results State Is Visible" owner="SearchScreen">
<status status="NOT RUN" start="2026-03-20T20:23:09.151725" elapsed="0.000029"/>
</kw>
<status status="FAIL" start="2026-03-20T20:22:46.713300" elapsed="22.438584">TimeoutException: Message: 
Stacktrace:
NoSuchElementError: An element could not be located on the page using the given search parameters.
    at AndroidUiautomator2Driver.findElOrEls (/Users/weibin/.appium/node_modules/appium-uiautomator2-driver/node_modules/appium-android-driver/lib/commands/find.ts:86:11)
    at processTicksAndRejections (node:internal/process/task_queues:105:5)
    at AndroidUiautomator2Driver.findElOrElsWithProcessing (/opt/homebrew/lib/node_modules/appium/node_modules/@appium/base-driver/lib/basedriver/commands/find.ts:60:12)
    at AndroidUiautomator2Driver.findElement (/opt/homebrew/lib/node_modules/appium/node_modules/@appium/base-driver/lib/basedriver/commands/find.ts:75:12)</status>
</kw>
<doc>Negative scenario: a non-existent term should show no-results state.</doc>
<tag>negative</tag>
<tag>smoke</tag>
<tag>validation</tag>
<tag>wikipedia</tag>
<status status="FAIL" start="2026-03-20T20:22:45.920369" elapsed="23.231831">TimeoutException: Message: 
Stacktrace:
NoSuchElementError: An element could not be located on the page using the given search parameters.
    at AndroidUiautomator2Driver.findElOrEls (/Users/weibin/.appium/node_modules/appium-uiautomator2-driver/node_modules/appium-android-driver/lib/commands/find.ts:86:11)
    at processTicksAndRejections (node:internal/process/task_queues:105:5)
    at AndroidUiautomator2Driver.findElOrElsWithProcessing (/opt/homebrew/lib/node_modules/appium/node_modules/@appium/base-driver/lib/basedriver/commands/find.ts:60:12)
    at AndroidUiautomator2Driver.findElement (/opt/homebrew/lib/node_modules/appium/node_modules/@appium/base-driver/lib/basedriver/commands/find.ts:75:12)</status>
</test>
<test id="s1-s1-t5" name="WT-005 Empty Search Does Not Return Results" line="34">
<kw name="Launch Wikipedia And Verify Home" owner="wikipedia_test_resource">
<kw name="Configure Wikipedia Test Environment" owner="wikipedia_test_resource">
<kw name="Set Environment Variable" owner="OperatingSystem">
<msg time="2026-03-20T20:23:09.153266" level="INFO">Environment variable 'APPIUM_SERVER_URL' set to value 'http://127.0.0.1:4723'.</msg>
<arg>APPIUM_SERVER_URL</arg>
<arg>${REMOTE_URL}</arg>
<doc>Sets an environment variable to a specified value.</doc>
<status status="PASS" start="2026-03-20T20:23:09.153139" elapsed="0.000165"/>
</kw>
<kw name="Set Environment Variable" owner="OperatingSystem">
<msg time="2026-03-20T20:23:09.153408" level="INFO">Environment variable 'WIKIPEDIA_PLATFORM_NAME' set to value 'Android'.</msg>
<arg>WIKIPEDIA_PLATFORM_NAME</arg>
<arg>${PLATFORM_NAME}</arg>
<doc>Sets an environment variable to a specified value.</doc>
<status status="PASS" start="2026-03-20T20:23:09.153353" elapsed="0.000073"/>
</kw>
<kw name="Set Environment Variable" owner="OperatingSystem">
<msg time="2026-03-20T20:23:09.153695" level="INFO">Environment variable 'WIKIPEDIA_DEVICE_NAME' set to value 'emulator-5554'.</msg>
<arg>WIKIPEDIA_DEVICE_NAME</arg>
<arg>${DEVICE_NAME}</arg>
<doc>Sets an environment variable to a specified value.</doc>
<status status="PASS" start="2026-03-20T20:23:09.153647" elapsed="0.000238"/>
</kw>
<kw name="Set Environment Variable" owner="OperatingSystem">
<msg time="2026-03-20T20:23:09.153985" level="INFO">Environment variable 'WIKIPEDIA_APP_PACKAGE' set to value 'org.wikipedia'.</msg>
<arg>WIKIPEDIA_APP_PACKAGE</arg>
<arg>${APP_PACKAGE}</arg>
<doc>Sets an environment variable to a specified value.</doc>
<status status="PASS" start="2026-03-20T20:23:09.153934" elapsed="0.000073"/>
</kw>
<kw name="Set Environment Variable" owner="OperatingSystem">
<msg time="2026-03-20T20:23:09.154101" level="INFO">Environment variable 'WIKIPEDIA_APP_ACTIVITY' set to value '.DefaultIcon'.</msg>
<arg>WIKIPEDIA_APP_ACTIVITY</arg>
<arg>${APP_ACTIVITY}</arg>
<doc>Sets an environment variable to a specified value.</doc>
<status status="PASS" start="2026-03-20T20:23:09.154053" elapsed="0.000065"/>
</kw>
<kw name="Set Environment Variable" owner="OperatingSystem">
<msg time="2026-03-20T20:23:09.154212" level="INFO">Environment variable 'WIKIPEDIA_APP' set to value '/Users/weibin/Desktop/ab assignment/org.wikipedia_50572.apk'.</msg>
<arg>WIKIPEDIA_APP</arg>
<arg>${APP_PATH}</arg>
<doc>Sets an environment variable to a specified value.</doc>
<status status="PASS" start="2026-03-20T20:23:09.154166" elapsed="0.000062"/>
</kw>
<status status="PASS" start="2026-03-20T20:23:09.153027" elapsed="0.001226"/>
</kw>
<kw name="Home Screen Is Visible" owner="HomeScreen">
<msg time="2026-03-20T20:23:09.378182" level="INFO">Screenshot before dismiss_first_run_experience_if_present saved to /Users/weibin/Desktop/ab assignment/screenshots/2026-03-20_20-23-09_dismiss_first_run_experience_if_present_before_execution.png</msg>
<msg time="2026-03-20T20:23:09.595204" level="INFO">Screenshot after dismiss_first_run_experience_if_present saved to /Users/weibin/Desktop/ab assignment/screenshots/2026-03-20_20-23-09_dismiss_first_run_experience_if_present_after_execution.png</msg>
<msg time="2026-03-20T20:23:35.006088" level="INFO">Screenshot after home_screen_is_visible saved to /Users/weibin/Desktop/ab assignment/screenshots/2026-03-20_20-23-09_home_screen_is_visible_after_execution.png</msg>
<msg time="2026-03-20T20:23:35.006426" level="FAIL">TimeoutException: Message: 
</msg>
<status status="FAIL" start="2026-03-20T20:23:09.154292" elapsed="25.853114">TimeoutException: Message: 
</status>
</kw>
<status status="FAIL" start="2026-03-20T20:23:09.152843" elapsed="25.854657">TimeoutException: Message: 
</status>
</kw>
<kw name="Search With Empty Input Should Not Show Results" owner="wikipedia_test_resource">
<status status="NOT RUN" start="2026-03-20T20:23:35.007652" elapsed="0.000015"/>
</kw>
<doc>Negative scenario: empty search input should not produce results.</doc>
<tag>negative</tag>
<tag>smoke</tag>
<tag>validation</tag>
<tag>wikipedia</tag>
<status status="FAIL" start="2026-03-20T20:23:09.152452" elapsed="25.855309">TimeoutException: Message: 
</status>
</test>
<test id="s1-s1-t6" name="WT-006 Long Search Input Is Handled" line="40">
<kw name="Launch Wikipedia And Verify Home" owner="wikipedia_test_resource">
<kw name="Configure Wikipedia Test Environment" owner="wikipedia_test_resource">
<kw name="Set Environment Variable" owner="OperatingSystem">
<msg time="2026-03-20T20:23:35.008437" level="INFO">Environment variable 'APPIUM_SERVER_URL' set to value 'http://127.0.0.1:4723'.</msg>
<arg>APPIUM_SERVER_URL</arg>
<arg>${REMOTE_URL}</arg>
<doc>Sets an environment variable to a specified value.</doc>
<status status="PASS" start="2026-03-20T20:23:35.008370" elapsed="0.000095"/>
</kw>
<kw name="Set Environment Variable" owner="OperatingSystem">
<msg time="2026-03-20T20:23:35.008569" level="INFO">Environment variable 'WIKIPEDIA_PLATFORM_NAME' set to value 'Android'.</msg>
<arg>WIKIPEDIA_PLATFORM_NAME</arg>
<arg>${PLATFORM_NAME}</arg>
<doc>Sets an environment variable to a specified value.</doc>
<status status="PASS" start="2026-03-20T20:23:35.008515" elapsed="0.000072"/>
</kw>
<kw name="Set Environment Variable" owner="OperatingSystem">
<msg time="2026-03-20T20:23:35.008675" level="INFO">Environment variable 'WIKIPEDIA_DEVICE_NAME' set to value 'emulator-5554'.</msg>
<arg>WIKIPEDIA_DEVICE_NAME</arg>
<arg>${DEVICE_NAME}</arg>
<doc>Sets an environment variable to a specified value.</doc>
<status status="PASS" start="2026-03-20T20:23:35.008630" elapsed="0.000061"/>
</kw>
<kw name="Set Environment Variable" owner="OperatingSystem">
<msg time="2026-03-20T20:23:35.008774" level="INFO">Environment variable 'WIKIPEDIA_APP_PACKAGE' set to value 'org.wikipedia'.</msg>
<arg>WIKIPEDIA_APP_PACKAGE</arg>
<arg>${APP_PACKAGE}</arg>
<doc>Sets an environment variable to a specified value.</doc>
<status status="PASS" start="2026-03-20T20:23:35.008732" elapsed="0.000058"/>
</kw>
<kw name="Set Environment Variable" owner="OperatingSystem">
<msg time="2026-03-20T20:23:35.008874" level="INFO">Environment variable 'WIKIPEDIA_APP_ACTIVITY' set to value '.DefaultIcon'.</msg>
<arg>WIKIPEDIA_APP_ACTIVITY</arg>
<arg>${APP_ACTIVITY}</arg>
<doc>Sets an environment variable to a specified value.</doc>
<status status="PASS" start="2026-03-20T20:23:35.008830" elapsed="0.000060"/>
</kw>
<kw name="Set Environment Variable" owner="OperatingSystem">
<msg time="2026-03-20T20:23:35.008982" level="INFO">Environment variable 'WIKIPEDIA_APP' set to value '/Users/weibin/Desktop/ab assignment/org.wikipedia_50572.apk'.</msg>
<arg>WIKIPEDIA_APP</arg>
<arg>${APP_PATH}</arg>
<doc>Sets an environment variable to a specified value.</doc>
<status status="PASS" start="2026-03-20T20:23:35.008933" elapsed="0.000065"/>
</kw>
<status status="PASS" start="2026-03-20T20:23:35.008267" elapsed="0.000755"/>
</kw>
<kw name="Home Screen Is Visible" owner="HomeScreen">
<msg time="2026-03-20T20:23:35.223066" level="INFO">Screenshot before dismiss_first_run_experience_if_present saved to /Users/weibin/Desktop/ab assignment/screenshots/2026-03-20_20-23-35_dismiss_first_run_experience_if_present_before_execution.png</msg>
<msg time="2026-03-20T20:23:35.441400" level="INFO">Screenshot after dismiss_first_run_experience_if_present saved to /Users/weibin/Desktop/ab assignment/screenshots/2026-03-20_20-23-35_dismiss_first_run_experience_if_present_after_execution.png</msg>
<msg time="2026-03-20T20:24:00.668835" level="INFO">Screenshot after home_screen_is_visible saved to /Users/weibin/Desktop/ab assignment/screenshots/2026-03-20_20-23-35_home_screen_is_visible_after_execution.png</msg>
<msg time="2026-03-20T20:24:00.670240" level="FAIL">TimeoutException: Message: 
</msg>
<status status="FAIL" start="2026-03-20T20:23:35.009061" elapsed="25.661754">TimeoutException: Message: 
</status>
</kw>
<status status="FAIL" start="2026-03-20T20:23:35.008142" elapsed="25.663057">TimeoutException: Message: 
</status>
</kw>
<kw name="Long Search Input Should Be Handled Safely" owner="wikipedia_test_resource">
<status status="NOT RUN" start="2026-03-20T20:24:00.671733" elapsed="0.000030"/>
</kw>
<doc>Edge scenario: long search input should not crash or leave the app unusable.</doc>
<tag>edge</tag>
<tag>robustness</tag>
<tag>smoke</tag>
<tag>wikipedia</tag>
<status status="FAIL" start="2026-03-20T20:23:35.007898" elapsed="25.664093">TimeoutException: Message: 
</status>
</test>
<kw name="Close App" owner="DriverManager" type="TEARDOWN">
<status status="PASS" start="2026-03-20T20:24:00.672669" elapsed="0.526289"/>
</kw>
<doc>Smoke coverage for the Wikipedia Android app.
This suite validates that Appium can create a session and reach the landing screen.</doc>
<status status="FAIL" start="2026-03-20T20:21:47.506734" elapsed="133.692355"/>
</suite>
<status status="FAIL" start="2026-03-20T20:21:47.489684" elapsed="133.711139"/>
</suite>
<statistics>
<total>
<stat pass="1" fail="5" skip="0">All Tests</stat>
</total>
<tag>
<stat pass="0" fail="1" skip="0">edge</stat>
<stat pass="0" fail="2" skip="0">functional</stat>
<stat pass="0" fail="2" skip="0">negative</stat>
<stat pass="0" fail="2" skip="0">positive</stat>
<stat pass="0" fail="1" skip="0">robustness</stat>
<stat pass="1" fail="5" skip="0">smoke</stat>
<stat pass="0" fail="2" skip="0">validation</stat>
<stat pass="1" fail="5" skip="0">wikipedia</stat>
</tag>
<suite>
<stat pass="1" fail="5" skip="0" id="s1" name="Wikipedia Test">Wikipedia Test</stat>
<stat pass="1" fail="5" skip="0" id="s1-s1" name="Wikipedia Test">Wikipedia Test.Wikipedia Test</stat>
</suite>
</statistics>
<errors>
</errors>
</robot>
